[0.219s] Invoking command in '/root/ros2_ws/src/my_package': PYTHONPATH=/root/ros2_ws/build/my_package/prefix_override:/usr/lib/python3/dist-packages/colcon_core/task/python/colcon_distutils_commands:/root/ros2_ws/install/my_package/lib/python3.10/site-packages:${PYTHONPATH} /usr/bin/python3 -W ignore:setup.py install is deprecated -W ignore:easy_install command is deprecated setup.py egg_info --egg-base ../../build/my_package build --build-base /root/ros2_ws/build/my_package/build install --record /root/ros2_ws/build/my_package/install.log --single-version-externally-managed install_data
[0.297s] running egg_info
[0.297s] creating ../../build/my_package/my_package.egg-info
[0.298s] writing ../../build/my_package/my_package.egg-info/PKG-INFO
[0.298s] writing dependency_links to ../../build/my_package/my_package.egg-info/dependency_links.txt
[0.298s] writing entry points to ../../build/my_package/my_package.egg-info/entry_points.txt
[0.298s] writing requirements to ../../build/my_package/my_package.egg-info/requires.txt
[0.298s] writing top-level names to ../../build/my_package/my_package.egg-info/top_level.txt
[0.298s] writing manifest file '../../build/my_package/my_package.egg-info/SOURCES.txt'
[0.299s] reading manifest file '../../build/my_package/my_package.egg-info/SOURCES.txt'
[0.299s] writing manifest file '../../build/my_package/my_package.egg-info/SOURCES.txt'
[0.299s] running build
[0.299s] running build_py
[0.299s] creating /root/ros2_ws/build/my_package/build
[0.299s] creating /root/ros2_ws/build/my_package/build/lib
[0.301s] creating /root/ros2_ws/build/my_package/build/lib/my_package
[0.301s] copying my_package/__init__.py -> /root/ros2_ws/build/my_package/build/lib/my_package
[0.301s] copying my_package/subscriber_node.py -> /root/ros2_ws/build/my_package/build/lib/my_package
[0.301s] copying my_package/publisher_node.py -> /root/ros2_ws/build/my_package/build/lib/my_package
[0.302s] running install
[0.302s] running install_lib
[0.302s] creating /root/ros2_ws/install/my_package/lib/python3.10/site-packages/my_package
[0.302s] copying /root/ros2_ws/build/my_package/build/lib/my_package/__init__.py -> /root/ros2_ws/install/my_package/lib/python3.10/site-packages/my_package
[0.302s] copying /root/ros2_ws/build/my_package/build/lib/my_package/subscriber_node.py -> /root/ros2_ws/install/my_package/lib/python3.10/site-packages/my_package
[0.302s] copying /root/ros2_ws/build/my_package/build/lib/my_package/publisher_node.py -> /root/ros2_ws/install/my_package/lib/python3.10/site-packages/my_package
[0.303s] byte-compiling /root/ros2_ws/install/my_package/lib/python3.10/site-packages/my_package/__init__.py to __init__.cpython-310.pyc
[0.303s] byte-compiling /root/ros2_ws/install/my_package/lib/python3.10/site-packages/my_package/subscriber_node.py to subscriber_node.cpython-310.pyc
[0.303s] byte-compiling /root/ros2_ws/install/my_package/lib/python3.10/site-packages/my_package/publisher_node.py to publisher_node.cpython-310.pyc
[0.303s] running install_data
[0.303s] creating /root/ros2_ws/install/my_package/share/ament_index
[0.303s] creating /root/ros2_ws/install/my_package/share/ament_index/resource_index
[0.303s] creating /root/ros2_ws/install/my_package/share/ament_index/resource_index/packages
[0.303s] copying resource/my_package -> /root/ros2_ws/install/my_package/share/ament_index/resource_index/packages
[0.304s] copying package.xml -> /root/ros2_ws/install/my_package/share/my_package
[0.304s] running install_egg_info
[0.305s] Copying ../../build/my_package/my_package.egg-info to /root/ros2_ws/install/my_package/lib/python3.10/site-packages/my_package-0.0.0-py3.10.egg-info
[0.305s] running install_scripts
[0.315s] Installing publisher_node script to /root/ros2_ws/install/my_package/lib/my_package
[0.316s] Installing subscriber_node script to /root/ros2_ws/install/my_package/lib/my_package
[0.316s] writing list of installed files to '/root/ros2_ws/build/my_package/install.log'
[0.326s] Invoked command in '/root/ros2_ws/src/my_package' returned '0': PYTHONPATH=/root/ros2_ws/build/my_package/prefix_override:/usr/lib/python3/dist-packages/colcon_core/task/python/colcon_distutils_commands:/root/ros2_ws/install/my_package/lib/python3.10/site-packages:${PYTHONPATH} /usr/bin/python3 -W ignore:setup.py install is deprecated -W ignore:easy_install command is deprecated setup.py egg_info --egg-base ../../build/my_package build --build-base /root/ros2_ws/build/my_package/build install --record /root/ros2_ws/build/my_package/install.log --single-version-externally-managed install_data
